Using pre-set license
Built from '2020.3/staging' branch; Version is '2020.3.6f1 (338bb68529b2) revision 3378102'; Using compiler version '192528614'; Build Type 'Release'
OS: 'Windows 10 Pro; OS build 19041.985; Version 2004; 64bit' Language: 'es' Physical Memory: 14267 MB
BatchMode: 1, IsHumanControllingUs: 0, StartBugReporterOnCrash: 0, Is64bit: 1, IsPro: 0

 COMMAND LINE ARGUMENTS:
C:\Program Files\Unity\Hub\Editor\2020.3.6f1\Editor\Unity.exe
-adb2
-batchMode
-noUpm
-name
AssetImportWorker0
-projectPath
D:/PUCE/7SEPTIMO SEMESTRE/Proyecto IHC/Repositorio/ARVisio/DeteccionDePlanos1
-logFile
Logs/AssetImportWorker0.log
-srvPort
51212
Successfully changed project path to: D:/PUCE/7SEPTIMO SEMESTRE/Proyecto IHC/Repositorio/ARVisio/DeteccionDePlanos1
D:/PUCE/7SEPTIMO SEMESTRE/Proyecto IHC/Repositorio/ARVisio/DeteccionDePlanos1
Using Asset Import Pipeline V2.
Refreshing native plugins compatible for Editor in 41.99 ms, found 0 plugins.
Preloading 0 native plugins for Editor in 0.00 ms.
Initialize engine version: 2020.3.6f1 (338bb68529b2)
[Subsystems] Discovering subsystems at path C:/Program Files/Unity/Hub/Editor/2020.3.6f1/Editor/Data/Resources/UnitySubsystems
[Subsystems] Discovering subsystems at path D:/PUCE/7SEPTIMO SEMESTRE/Proyecto IHC/Repositorio/ARVisio/DeteccionDePlanos1/Assets
GfxDevice: creating device client; threaded=0
Direct3D:
    Version:  Direct3D 11.0 [level 11.1]
    Renderer: AMD Radeon(TM) RX Vega 11 Graphics (ID=0x15d8)
    Vendor:   
    VRAM:     7133 MB
    Driver:   27.20.1020.1
Initialize mono
Mono path[0] = 'C:/Program Files/Unity/Hub/Editor/2020.3.6f1/Editor/Data/Managed'
Mono path[1] = 'C:/Program Files/Unity/Hub/Editor/2020.3.6f1/Editor/Data/MonoBleedingEdge/lib/mono/unityjit'
Mono config path = 'C:/Program Files/Unity/Hub/Editor/2020.3.6f1/Editor/Data/MonoBleedingEdge/etc'
Using monoOptions --debugger-agent=transport=dt_socket,embedding=1,server=y,suspend=n,address=127.0.0.1:56884
Begin MonoManager ReloadAssembly
Registering precompiled unity dll's ...
Register platform support module: C:/Program Files/Unity/Hub/Editor/2020.3.6f1/Editor/Data/PlaybackEngines/WindowsStandaloneSupport/UnityEditor.WindowsStandalone.Extensions.dll
Registered in 0.004812 seconds.
Native extension for WindowsStandalone target not found
Refreshing native plugins compatible for Editor in 35.14 ms, found 0 plugins.
Preloading 0 native plugins for Editor in 0.00 ms.
Mono: successfully reloaded assembly
- Completed reload, in  3.632 seconds
Platform modules already initialized, skipping
Registering precompiled user dll's ...
Registered in 0.001233 seconds.
Begin MonoManager ReloadAssembly
Native extension for WindowsStandalone target not found
Refreshing native plugins compatible for Editor in 0.33 ms, found 0 plugins.
Preloading 0 native plugins for Editor in 0.00 ms.
Mono: successfully reloaded assembly
- Completed reload, in  1.070 seconds
Platform modules already initialized, skipping
========================================================================
Worker process is ready to serve import requests
Launched and connected shader compiler UnityShaderCompiler.exe after 0.05 seconds
Refreshing native plugins compatible for Editor in 0.48 ms, found 0 plugins.
Preloading 0 native plugins for Editor in 0.00 ms.
Unloading 1515 Unused Serialized files (Serialized files now loaded: 0)
System memory in use before: 72.0 MB.
System memory in use after: 72.1 MB.

Unloading 11 unused Assets to reduce memory usage. Loaded Objects now: 1958.
Total: 1.989400 ms (FindLiveObjects: 0.214500 ms CreateObjectMapping: 0.047700 ms MarkObjects: 1.640300 ms  DeleteObjects: 0.085500 ms)

========================================================================
Received Import Request.
  path: Assets/Scenes/Portal1.unity
  artifactKey: Guid(6e5259f884c97d045a11d4c9c216d541) Importer(815301076,1909f56bfc062723c751e8b465ee728b)
Start importing Assets/Scenes/Portal1.unity using Guid(6e5259f884c97d045a11d4c9c216d541) Importer(815301076,1909f56bfc062723c751e8b465ee728b)  -> (artifact id: 'f44d5473434cde062ba3dc02b682245e') in 0.017816 seconds
  Import took 0.029605 seconds .

========================================================================
Received Import Request.
  Time since last request: 36.991451 seconds.
  path: Assets/Scenes/Portal3.unity
  artifactKey: Guid(82202f92ba88b6942bb8a7e1deb9db58) Importer(815301076,1909f56bfc062723c751e8b465ee728b)
Start importing Assets/Scenes/Portal3.unity using Guid(82202f92ba88b6942bb8a7e1deb9db58) Importer(815301076,1909f56bfc062723c751e8b465ee728b)  -> (artifact id: '19659fd252a316b166809910a2de73dc') in 0.022056 seconds
  Import took 0.054140 seconds .

========================================================================
Received Import Request.
  Time since last request: 81.415721 seconds.
  path: Assets/Scenes/Portal2.unity
  artifactKey: Guid(6337a589483c8824ea664681ac086614) Importer(815301076,1909f56bfc062723c751e8b465ee728b)
Start importing Assets/Scenes/Portal2.unity using Guid(6337a589483c8824ea664681ac086614) Importer(815301076,1909f56bfc062723c751e8b465ee728b)  -> (artifact id: '91c45b112d8689cad500e7f65e480d35') in 0.020369 seconds
  Import took 0.025601 seconds .

========================================================================
Received Import Request.
  Time since last request: 43.235585 seconds.
  path: Assets/Prefabs/ModelPrefabs/Planetario/Planetario.prefab
  artifactKey: Guid(595747fee97bf9f448e469c9ba39a58f) Importer(815301076,1909f56bfc062723c751e8b465ee728b)
Start importing Assets/Prefabs/ModelPrefabs/Planetario/Planetario.prefab using Guid(595747fee97bf9f448e469c9ba39a58f) Importer(815301076,1909f56bfc062723c751e8b465ee728b)  -> (artifact id: 'a843c4098ae09ebec484986789ec1f2c') in 0.780821 seconds
  Import took 0.799565 seconds .

========================================================================
Received Import Request.
  Time since last request: 248.780944 seconds.
  path: Assets/Scenes
  artifactKey: Guid(8fb50cbdce561b7469794ec88f2fbe61) Importer(815301076,1909f56bfc062723c751e8b465ee728b)
Start importing Assets/Scenes using Guid(8fb50cbdce561b7469794ec88f2fbe61) Importer(815301076,1909f56bfc062723c751e8b465ee728b)  -> (artifact id: '175634ba9036e1bb0954120483e1c036') in 0.020644 seconds
  Import took 0.026782 seconds .

========================================================================
Received Prepare
Registering precompiled user dll's ...
Registered in 0.000908 seconds.
Begin MonoManager ReloadAssembly
Native extension for WindowsStandalone target not found
Refreshing native plugins compatible for Editor in 0.33 ms, found 0 plugins.
Preloading 0 native plugins for Editor in 0.00 ms.
Mono: successfully reloaded assembly
- Completed reload, in  0.945 seconds
Platform modules already initialized, skipping
Switching build target platform(5) subTarget(0) extendedPlatform(0) -> platform(13) subTarget(524288) extendedPlatform(0)
Refreshing native plugins compatible for Editor in 0.40 ms, found 0 plugins.
Preloading 0 native plugins for Editor in 0.00 ms.
Unloading 1493 Unused Serialized files (Serialized files now loaded: 0)
System memory in use before: 74.0 MB.
System memory in use after: 74.1 MB.

Unloading 6 unused Assets to reduce memory usage. Loaded Objects now: 1974.
Total: 2.631200 ms (FindLiveObjects: 0.265300 ms CreateObjectMapping: 0.051900 ms MarkObjects: 2.271900 ms  DeleteObjects: 0.040100 ms)

AssetImportParameters requested are different than current active one (requested -> active):
  custom:graphics/normal-map-encoding: 01000000000000000000000000000000 -> 02000000000000000000000000000000
AssetImportWorkerClient::OnTransportError - code=2 error=End of file
