Using pre-set license
Built from '2020.3/staging' branch; Version is '2020.3.6f1 (338bb68529b2) revision 3378102'; Using compiler version '192528614'; Build Type 'Release'
OS: 'Windows 10 Home; OS build 19042.985; Version 2009; 64bit' Language: 'en' Physical Memory: 16222 MB
BatchMode: 1, IsHumanControllingUs: 0, StartBugReporterOnCrash: 0, Is64bit: 1, IsPro: 0

 COMMAND LINE ARGUMENTS:
D:\Programas\Unity\Editor\2020.3.6f1\Editor\Unity.exe
-adb2
-batchMode
-noUpm
-name
AssetImportWorker0
-projectPath
D:/unityfiles/VirtualReality/ARVisio/DeteccionDePlanos1
-logFile
Logs/AssetImportWorker0.log
-srvPort
54426
Successfully changed project path to: D:/unityfiles/VirtualReality/ARVisio/DeteccionDePlanos1
D:/unityfiles/VirtualReality/ARVisio/DeteccionDePlanos1
Using Asset Import Pipeline V2.
Refreshing native plugins compatible for Editor in 24.67 ms, found 0 plugins.
Preloading 0 native plugins for Editor in 0.00 ms.
Initialize engine version: 2020.3.6f1 (338bb68529b2)
[Subsystems] Discovering subsystems at path D:/Programas/Unity/Editor/2020.3.6f1/Editor/Data/Resources/UnitySubsystems
[Subsystems] Discovering subsystems at path D:/unityfiles/VirtualReality/ARVisio/DeteccionDePlanos1/Assets
GfxDevice: creating device client; threaded=0
Direct3D:
    Version:  Direct3D 11.0 [level 11.1]
    Renderer: NVIDIA GeForce RTX 2060 (ID=0x1f11)
    Vendor:   
    VRAM:     5980 MB
    Driver:   27.21.14.6627
Initialize mono
Mono path[0] = 'D:/Programas/Unity/Editor/2020.3.6f1/Editor/Data/Managed'
Mono path[1] = 'D:/Programas/Unity/Editor/2020.3.6f1/Editor/Data/MonoBleedingEdge/lib/mono/unityjit'
Mono config path = 'D:/Programas/Unity/Editor/2020.3.6f1/Editor/Data/MonoBleedingEdge/etc'
Using monoOptions --debugger-agent=transport=dt_socket,embedding=1,server=y,suspend=n,address=127.0.0.1:56176
Begin MonoManager ReloadAssembly
Registering precompiled unity dll's ...
Register platform support module: D:/Programas/Unity/Editor/2020.3.6f1/Editor/Data/PlaybackEngines/WindowsStandaloneSupport/UnityEditor.WindowsStandalone.Extensions.dll
Registered in 0.001068 seconds.
Native extension for WindowsStandalone target not found
Refreshing native plugins compatible for Editor in 23.37 ms, found 0 plugins.
Preloading 0 native plugins for Editor in 0.00 ms.
Mono: successfully reloaded assembly
- Completed reload, in  1.453 seconds
Platform modules already initialized, skipping
Registering precompiled user dll's ...
Registered in 0.000662 seconds.
Begin MonoManager ReloadAssembly
Native extension for WindowsStandalone target not found
Refreshing native plugins compatible for Editor in 0.25 ms, found 0 plugins.
Preloading 0 native plugins for Editor in 0.00 ms.
Mono: successfully reloaded assembly
- Completed reload, in  0.787 seconds
Platform modules already initialized, skipping
========================================================================
Worker process is ready to serve import requests
Launched and connected shader compiler UnityShaderCompiler.exe after 0.25 seconds
Refreshing native plugins compatible for Editor in 0.24 ms, found 0 plugins.
Preloading 0 native plugins for Editor in 0.00 ms.
Unloading 1446 Unused Serialized files (Serialized files now loaded: 0)
System memory in use before: 66.9 MB.
System memory in use after: 67.0 MB.

Unloading 11 unused Assets to reduce memory usage. Loaded Objects now: 1888.
Total: 1.764100 ms (FindLiveObjects: 0.121600 ms CreateObjectMapping: 0.036600 ms MarkObjects: 1.548800 ms  DeleteObjects: 0.056100 ms)

========================================================================
Received Import Request.
  path: Assets/3D/Islas.prefab
  artifactKey: Guid(ef563458e38069144803bd44fef32cbb) Importer(815301076,1909f56bfc062723c751e8b465ee728b)
Start importing Assets/3D/Islas.prefab using Guid(ef563458e38069144803bd44fef32cbb) Importer(815301076,1909f56bfc062723c751e8b465ee728b)  -> (artifact id: '9d0d2af3c9fa649a02c6b4c73d29aaec') in 0.271722 seconds
  Import took 0.274097 seconds .

========================================================================
Received Import Request.
  Time since last request: 0.000313 seconds.
  path: Assets/3D/islasdef.dae
  artifactKey: Guid(e32d8762755b7024bb5958e845070c86) Importer(815301076,1909f56bfc062723c751e8b465ee728b)
Start importing Assets/3D/islasdef.dae using Guid(e32d8762755b7024bb5958e845070c86) Importer(815301076,1909f56bfc062723c751e8b465ee728b)  -> (artifact id: 'e5ab393c69d20ae48a21ef9330aaed47') in 0.293394 seconds
  Import took 0.295805 seconds .

========================================================================
Received Import Request.
  Time since last request: 0.000390 seconds.
  path: Assets/Scenes
  artifactKey: Guid(8fb50cbdce561b7469794ec88f2fbe61) Importer(815301076,1909f56bfc062723c751e8b465ee728b)
Start importing Assets/Scenes using Guid(8fb50cbdce561b7469794ec88f2fbe61) Importer(815301076,1909f56bfc062723c751e8b465ee728b)  -> (artifact id: '175634ba9036e1bb0954120483e1c036') in 0.001182 seconds
  Import took 0.002881 seconds .

========================================================================
Received Import Request.
  Time since last request: 0.000289 seconds.
  path: Assets/3D
  artifactKey: Guid(f53c96368ef48f0409f550b1c99d783e) Importer(815301076,1909f56bfc062723c751e8b465ee728b)
Start importing Assets/3D using Guid(f53c96368ef48f0409f550b1c99d783e) Importer(815301076,1909f56bfc062723c751e8b465ee728b)  -> (artifact id: 'fdbecac8472526f88fd45f684c0a241f') in 0.001103 seconds
  Import took 0.002721 seconds .

========================================================================
Received Prepare
Registering precompiled user dll's ...
Registered in 0.000607 seconds.
Begin MonoManager ReloadAssembly
Native extension for WindowsStandalone target not found
Refreshing native plugins compatible for Editor in 0.24 ms, found 0 plugins.
Preloading 0 native plugins for Editor in 0.00 ms.
Mono: successfully reloaded assembly
- Completed reload, in  0.728 seconds
Platform modules already initialized, skipping
Switching build target platform(5) subTarget(0) extendedPlatform(0) -> platform(13) subTarget(524288) extendedPlatform(0)
Refreshing native plugins compatible for Editor in 0.36 ms, found 0 plugins.
Preloading 0 native plugins for Editor in 0.00 ms.
Unloading 1439 Unused Serialized files (Serialized files now loaded: 0)
System memory in use before: 70.0 MB.
System memory in use after: 70.1 MB.

Unloading 6 unused Assets to reduce memory usage. Loaded Objects now: 1935.
Total: 2.342600 ms (FindLiveObjects: 0.400800 ms CreateObjectMapping: 0.066100 ms MarkObjects: 1.848000 ms  DeleteObjects: 0.025500 ms)

AssetImportParameters requested are different than current active one (requested -> active):
  custom:graphics/normal-map-encoding: 01000000000000000000000000000000 -> 02000000000000000000000000000000
========================================================================
Received Import Request.
  Time since last request: 71.242180 seconds.
  path: Assets/Prefabs
  artifactKey: Guid(b3d414968a64c7a4d829831c7d98f6a1) Importer(815301076,1909f56bfc062723c751e8b465ee728b)
Start importing Assets/Prefabs using Guid(b3d414968a64c7a4d829831c7d98f6a1) Importer(815301076,1909f56bfc062723c751e8b465ee728b)  -> (artifact id: '5affecda972a41b5bbba34d0533d8960') in 0.003210 seconds
  Import took 0.005411 seconds .

========================================================================
Received Import Request.
  Time since last request: 0.348682 seconds.
  path: Assets/Prefabs/AR Default Plane.prefab
  artifactKey: Guid(b71856681e20e0549a69f8afa3998f9c) Importer(815301076,1909f56bfc062723c751e8b465ee728b)
Start importing Assets/Prefabs/AR Default Plane.prefab using Guid(b71856681e20e0549a69f8afa3998f9c) Importer(815301076,1909f56bfc062723c751e8b465ee728b)  -> (artifact id: '1afcd3375da3f03f6a1f6fcb869eea3f') in 0.022923 seconds
  Import took 0.025603 seconds .

========================================================================
Received Import Request.
  Time since last request: 0.000325 seconds.
  path: Assets/Prefabs/AR Default Point Cloud.prefab
  artifactKey: Guid(3d40439bce7811841a9e9d242ecaeb8e) Importer(815301076,1909f56bfc062723c751e8b465ee728b)
Start importing Assets/Prefabs/AR Default Point Cloud.prefab using Guid(3d40439bce7811841a9e9d242ecaeb8e) Importer(815301076,1909f56bfc062723c751e8b465ee728b)  -> (artifact id: '911ee4cb884627d0bd203f3e1ed3ff93') in 0.005690 seconds
  Import took 0.007700 seconds .

========================================================================
Received Import Request.
  Time since last request: 34.144811 seconds.
  path: Assets/Materials
  artifactKey: Guid(5db6704b3bb27094683383bffe39d380) Importer(815301076,1909f56bfc062723c751e8b465ee728b)
Start importing Assets/Materials using Guid(5db6704b3bb27094683383bffe39d380) Importer(815301076,1909f56bfc062723c751e8b465ee728b)  -> (artifact id: '0d714bd421c22ef2eddcf72569a31e0c') in 0.002306 seconds
  Import took 0.005651 seconds .

AssetImportWorkerClient::OnTransportError - code=2 error=End of file
